<?xml version="1.0" encoding="UTF-8"?>
<!-- Generated by org.testng.reporters.JUnitReportReporter -->
<testsuite hostname="DESKTOP-NILESH" failures="0" tests="6" name="com.scp.a.CTest" time="0.070" errors="0" timestamp="25 Jul 2018 16:47:51 GMT" skipped="0">
  <testcase classname="com.scp.a.CTest" name="a" time="0.003"/>
  <testcase classname="com.scp.a.CTest" name="b" time="0.010"/>
  <testcase classname="com.scp.a.CTest" name="f" time="0.011"/>
  <testcase classname="com.scp.a.CTest" name="c" time="0.003"/>
  <testcase classname="com.scp.a.CTest" name="d" time="0.028"/>
  <testcase classname="com.scp.a.CTest" name="e" time="0.015"/>
</testsuite> <!-- com.scp.a.CTest -->
