<?xml version="1.0" encoding="UTF-8"?>
<!-- Generated by org.testng.reporters.JUnitReportReporter -->
<testsuite hostname="DESKTOP-NILESH" failures="0" tests="2" name="com.scp.e2e.DTest" time="0.028" errors="0" timestamp="25 Jul 2018 07:45:08 GMT" skipped="1">
  <testcase classname="com.scp.e2e.DTest" name="abcDtest" time="0.004"/>
  <testcase classname="com.scp.e2e.DTest" name="abcDtest" time="0.024">
    <skipped/>
  </testcase> <!-- abcDtest -->
</testsuite> <!-- com.scp.e2e.DTest -->
