<?xml version="1.0" encoding="UTF-8"?>
<!-- Generated by org.testng.reporters.JUnitReportReporter -->
<testsuite hostname="DESKTOP-NILESH" failures="0" tests="2" name="com.scp.e2e.SoftAssertion" time="0.045" errors="0" timestamp="25 Jul 2018 16:35:23 GMT" skipped="0">
  <testcase classname="com.scp.e2e.SoftAssertion" name="hardAssert" time="0.028"/>
  <testcase classname="com.scp.e2e.SoftAssertion" name="softAssert" time="0.017"/>
</testsuite> <!-- com.scp.e2e.SoftAssertion -->
