<?xml version="1.0" encoding="UTF-8"?>
<!-- Generated by org.testng.reporters.JUnitReportReporter -->
<testsuite hostname="DESKTOP-NILESH" failures="0" tests="6" name="com.scp.b.ETest" time="0.059" errors="0" timestamp="25 Jul 2018 16:47:51 GMT" skipped="0">
  <testcase classname="com.scp.b.ETest" name="c" time="0.017"/>
  <testcase classname="com.scp.b.ETest" name="f" time="0.006"/>
  <testcase classname="com.scp.b.ETest" name="d" time="0.008"/>
  <testcase classname="com.scp.b.ETest" name="b" time="0.004"/>
  <testcase classname="com.scp.b.ETest" name="e" time="0.012"/>
  <testcase classname="com.scp.b.ETest" name="a" time="0.012"/>
</testsuite> <!-- com.scp.b.ETest -->
