<?xml version="1.0" encoding="UTF-8"?>
<!-- Generated by org.testng.reporters.JUnitReportReporter -->
<testsuite hostname="DESKTOP-NILESH" failures="0" tests="4" name="com.scp.util1.PerfomAuthenticationTest" time="7.914" errors="0" timestamp="18 Jul 2018 11:38:35 GMT" skipped="0">
  <testcase classname="com.scp.util1.PerfomAuthenticationTest" name="perfomLogin" time="0.032"/>
  <testcase classname="com.scp.util1.PerfomAuthenticationTest" name="perfomLogin" time="0.046"/>
  <testcase classname="com.scp.util1.PerfomAuthenticationTest" name="perfomLogin" time="7.804"/>
  <testcase classname="com.scp.util1.PerfomAuthenticationTest" name="perfomLogin" time="0.032"/>
</testsuite> <!-- com.scp.util1.PerfomAuthenticationTest -->
