<?xml version="1.0" encoding="UTF-8"?>
<!-- Generated by org.testng.reporters.JUnitReportReporter -->
<testsuite hostname="DESKTOP-NILESH" failures="0" tests="6" name="com.scp.b.DTest" time="0.075" errors="0" timestamp="25 Jul 2018 16:47:51 GMT" skipped="0">
  <testcase classname="com.scp.b.DTest" name="b" time="0.008"/>
  <testcase classname="com.scp.b.DTest" name="a" time="0.011"/>
  <testcase classname="com.scp.b.DTest" name="e" time="0.013"/>
  <testcase classname="com.scp.b.DTest" name="c" time="0.008"/>
  <testcase classname="com.scp.b.DTest" name="d" time="0.030"/>
  <testcase classname="com.scp.b.DTest" name="f" time="0.005"/>
</testsuite> <!-- com.scp.b.DTest -->
