<?xml version="1.0" encoding="UTF-8"?>
<!-- Generated by org.testng.reporters.JUnitReportReporter -->
<testsuite hostname="DESKTOP-NILESH" failures="0" tests="4" name="com.scp.e2e.PerfomAuthenticationTest" time="7.950" errors="0" timestamp="20 Jul 2018 05:49:35 GMT" skipped="0">
  <testcase classname="com.scp.e2e.PerfomAuthenticationTest" name="perfomLogin" time="7.852"/>
  <testcase classname="com.scp.e2e.PerfomAuthenticationTest" name="perfomLogin" time="0.021"/>
  <testcase classname="com.scp.e2e.PerfomAuthenticationTest" name="perfomLogin" time="0.019"/>
  <testcase classname="com.scp.e2e.PerfomAuthenticationTest" name="perfomLogin" time="0.058"/>
</testsuite> <!-- com.scp.e2e.PerfomAuthenticationTest -->
