<?xml version="1.0" encoding="UTF-8"?>
<!-- Generated by org.testng.reporters.JUnitReportReporter -->
<testsuite hostname="DESKTOP-NILESH" failures="0" tests="4" name="com.scp.util.PerfomAuthenticationTest" time="17.346" errors="0" timestamp="18 Jul 2018 08:45:27 GMT" skipped="0">
  <testcase classname="com.scp.util.PerfomAuthenticationTest" name="perfomLogin" time="0.078"/>
  <testcase classname="com.scp.util.PerfomAuthenticationTest" name="perfomLogin" time="0.047"/>
  <testcase classname="com.scp.util.PerfomAuthenticationTest" name="perfomLogin" time="17.189"/>
  <testcase classname="com.scp.util.PerfomAuthenticationTest" name="perfomLogin" time="0.032"/>
</testsuite> <!-- com.scp.util.PerfomAuthenticationTest -->
